<?xml version="1.0" encoding="UTF-8"?>
<!-- Generated by org.testng.reporters.JUnitReportReporter -->
<testsuite hostname="DESKTOP-R44QD4T" failures="0" tests="3" name="files.DynamicJson" time="4.719" errors="0" timestamp="2020-07-14T17:27:19 ART" skipped="0">
  <testcase classname="files.DynamicJson" name="addBook" time="0.915"/>
  <testcase classname="files.DynamicJson" name="addBook" time="2.828"/>
  <testcase classname="files.DynamicJson" name="addBook" time="0.976"/>
</testsuite> <!-- files.DynamicJson -->
